[INFO] Scanning for projects...
[INFO] 
[INFO] -------------------< com.resolveit:grievance-portal >-------------------
[INFO] Building ResolveIT Grievance Portal 1.0.0
[INFO]   from pom.xml
[INFO] --------------------------------[ jar ]---------------------------------
[WARNING] The artifact com.itextpdf:itext7-core:pom:8.0.2 has been relocated to com.itextpdf:itext-core:pom:8.0.2
[INFO] 
[INFO] --- clean:3.3.2:clean (default-clean) @ grievance-portal ---
[INFO] Deleting D:\Infosys_project\backend\target
[INFO] 
[INFO] --- resources:3.3.1:resources (default-resources) @ grievance-portal ---
[INFO] Copying 1 resource from src\main\resources to target\classes
[INFO] Copying 1 resource from src\main\resources to target\classes
[INFO] 
[INFO] --- compiler:3.11.0:compile (default-compile) @ grievance-portal ---
[INFO] Changes detected - recompiling the module! :source
[INFO] Compiling 16 source files with javac [debug release 17] to target\classes
[INFO] Annotation processing is enabled because one or more processors were found
  on the class path. A future release of javac may disable annotation processing
  unless at least one processor is specified by name (-processor), or a search
  path is specified (--processor-path, --processor-module-path), or annotation
  processing is enabled explicitly (-proc:only, -proc:full).
  Use -Xlint:-options to suppress this message.
  Use -proc:none to disable annotation processing.
[INFO] -------------------------------------------------------------
[ERROR] COMPILATION ERROR : 
[INFO] -------------------------------------------------------------
[ERROR] /D:/Infosys_project/backend/src/main/java/com/resolveit/service/ComplaintService.java:[40,52] cannot find symbol
  symbol:   method isAnonymous()
  location: variable complaintDetails of type com.resolveit.model.Complaint
[ERROR] /D:/Infosys_project/backend/src/main/java/com/resolveit/service/CategoryService.java:[37,47] cannot find symbol
  symbol:   method isActive()
  location: variable categoryDetails of type com.resolveit.model.Category
[INFO] 2 errors 
[INFO] -------------------------------------------------------------
[INFO] ------------------------------------------------------------------------
[INFO] BUILD FAILURE
[INFO] ------------------------------------------------------------------------
[INFO] Total time:  5.824 s
[INFO] Finished at: 2026-01-09T22:30:44+05:30
[INFO] ------------------------------------------------------------------------
[ERROR] Failed to execute goal org.apache.maven.plugins:maven-compiler-plugin:3.11.0:compile (default-compile) on project grievance-portal: Compilation failure: Compilation failure: 
[ERROR] /D:/Infosys_project/backend/src/main/java/com/resolveit/service/ComplaintService.java:[40,52] cannot find symbol
[ERROR]   symbol:   method isAnonymous()
[ERROR]   location: variable complaintDetails of type com.resolveit.model.Complaint
[ERROR] /D:/Infosys_project/backend/src/main/java/com/resolveit/service/CategoryService.java:[37,47] cannot find symbol
[ERROR]   symbol:   method isActive()
[ERROR]   location: variable categoryDetails of type com.resolveit.model.Category
[ERROR] -> [Help 1]
[ERROR] 
[ERROR] To see the full stack trace of the errors, re-run Maven with the -e switch.
[ERROR] Re-run Maven using the -X switch to enable full debug logging.
[ERROR] 
[ERROR] For more information about the errors and possible solutions, please read the following articles:
[ERROR] [Help 1] http://cwiki.apache.org/confluence/display/MAVEN/MojoFailureException
